<?xml version="1.0" encoding="UTF-8"?>
<!-- Generated by org.testng.reporters.JUnitReportReporter -->
<testsuite hostname="LAPTOP-PV1C3GHK" failures="0" tests="3" name="VITests.TestVideoIndexer" time="296.828" errors="0" timestamp="2023-08-27T16:15:34 SGT" skipped="0">
  <testcase classname="VITests.TestVideoIndexer" name="UserStory1_Verify_AddVideo" time="136.287"/>
  <system-out/>
  <testcase classname="VITests.TestVideoIndexer" name="UserStory2_View_VideoInsights" time="122.240"/>
  <system-out/>
  <testcase classname="VITests.TestVideoIndexer" name="UserStory3_SearchVideoswithInsights" time="38.301"/>
  <system-out/>
</testsuite> <!-- VITests.TestVideoIndexer -->
